<?xml version="1.0" encoding="UTF-8"?>
<testsuite xmlns:xsi="http://www.w3.org/2001/XMLSchema-instance" xsi:noNamespaceSchemaLocation="https://maven.apache.org/surefire/maven-surefire-plugin/xsd/surefire-test-report-3.0.xsd" version="3.0" name="nl.sogyo.mancala.domain.PocketTest" time="0.584" tests="175" errors="0" skipped="0" failures="0">
  <properties>
[...]
</properties>
  <testcase name="testSkipOtherPlayersMancala" classname="nl.sogyo.mancala.domain.PocketTest" time="0.038"/>
  <testcase name="testPlayerOneSkipsPlayerTwoMancala" classname="nl.sogyo.mancala.domain.PocketTest" time="0.002"/>
  <testcase name="testLastStoneInOwnMancalaThenICanGoAgain" classname="nl.sogyo.mancala.domain.PocketTest" time="0.002"/>
  <testcase name="testLastStoneInAnyOtherPocketBesideMancalaThenICanNotGoAgain" classname="nl.sogyo.mancala.domain.PocketTest" time="0.003"/>
  <testcase name="testFirstPocketNextNr" classname="nl.sogyo.mancala.domain.PocketTest" time="0.001"/>
  <testcase name="testFirstPocketNumber" classname="nl.sogyo.mancala.domain.PocketTest" time="0.001"/>
  <testcase name="testTurnSwitchedInPocketEightAndCheckTurnInRestOfPocketsOfPlayerOne(int)[1]" classname="nl.sogyo.mancala.domain.PocketTest" time="0.035"/>
  <testcase name="testTurnSwitchedInPocketEightAndCheckTurnInRestOfPocketsOfPlayerOne(int)[2]" classname="nl.sogyo.mancala.domain.PocketTest" time="0.001"/>
  <testcase name="testTurnSwitchedInPocketEightAndCheckTurnInRestOfPocketsOfPlayerOne(int)[3]" classname="nl.sogyo.mancala.domain.PocketTest" time="0.002"/>
  <testcase name="testTurnSwitchedInPocketEightAndCheckTurnInRestOfPocketsOfPlayerOne(int)[4]" classname="nl.sogyo.mancala.domain.PocketTest" time="0.001"/>
  <testcase name="testTurnSwitchedInPocketEightAndCheckTurnInRestOfPocketsOfPlayerOne(int)[5]" classname="nl.sogyo.mancala.domain.PocketTest" time="0.001"/>
  <testcase name="testTurnSwitchedInPocketEightAndCheckTurnInRestOfPocketsOfPlayerOne(int)[6]" classname="nl.sogyo.mancala.domain.PocketTest" time="0.001"/>
  <testcase name="testTurnSwitchedInPocketEightAndCheckTurnInRestOfPocketsOfPlayerOne(int)[7]" classname="nl.sogyo.mancala.domain.PocketTest" time="0.001"/>
  <testcase name="testTurnSwitchedInPocketEightAndCheckTurnInRestOfPocketsOfPlayerTwo(int)[1]" classname="nl.sogyo.mancala.domain.PocketTest" time="0.001"/>
  <testcase name="testTurnSwitchedInPocketEightAndCheckTurnInRestOfPocketsOfPlayerTwo(int)[2]" classname="nl.sogyo.mancala.domain.PocketTest" time="0.001"/>
  <testcase name="testTurnSwitchedInPocketEightAndCheckTurnInRestOfPocketsOfPlayerTwo(int)[3]" classname="nl.sogyo.mancala.domain.PocketTest" time="0.001"/>
  <testcase name="testTurnSwitchedInPocketEightAndCheckTurnInRestOfPocketsOfPlayerTwo(int)[4]" classname="nl.sogyo.mancala.domain.PocketTest" time="0.001"/>
  <testcase name="testTurnSwitchedInPocketEightAndCheckTurnInRestOfPocketsOfPlayerTwo(int)[5]" classname="nl.sogyo.mancala.domain.PocketTest" time="0.002"/>
  <testcase name="testTurnSwitchedInPocketEightAndCheckTurnInRestOfPocketsOfPlayerTwo(int)[6]" classname="nl.sogyo.mancala.domain.PocketTest" time="0.001"/>
  <testcase name="testTurnSwitchedInPocketEightAndCheckTurnInRestOfPocketsOfPlayerTwo(int)[7]" classname="nl.sogyo.mancala.domain.PocketTest" time="0.001"/>
  <testcase name="testGameOverPlayerOneWon" classname="nl.sogyo.mancala.domain.PocketTest" time="0.005"/>
  <testcase name="testListBoardSetup" classname="nl.sogyo.mancala.domain.PocketTest" time="0.001"/>
  <testcase name="testFirstPocketStones" classname="nl.sogyo.mancala.domain.PocketTest" time="0.001"/>
  <testcase name="testGameOverAfterLastMoveIsMadeForPlayerTwo" classname="nl.sogyo.mancala.domain.PocketTest" time="0.001"/>
  <testcase name="testGameOverPlayerTwoWon" classname="nl.sogyo.mancala.domain.PocketTest" time="0.002"/>
  <testcase name="testThirteenPocketsNotPossible" classname="nl.sogyo.mancala.domain.PocketTest" time="0.001"/>
  <testcase name="testWhoIsTheWinnerDraw" classname="nl.sogyo.mancala.domain.PocketTest" time="0.001"/>
  <testcase name="testGameOverDrawPossible" classname="nl.sogyo.mancala.domain.PocketTest" time="0.001"/>
  <testcase name="testLandingInOpponentEmptyPocketDoesNotCapture" classname="nl.sogyo.mancala.domain.PocketTest" time="0.001"/>
  <testcase name="testLastStoneInOwnEmptyPocketMeansGettingThemToMancalaPlusNeighborForPlayerTwo" classname="nl.sogyo.mancala.domain.PocketTest" time="0.001"/>
  <testcase name="testTurnSwitchedInPocketOneAndCheckTurnInRestOfPocketsOfPlayerOne(int)[1]" classname="nl.sogyo.mancala.domain.PocketTest" time="0.001"/>
  <testcase name="testTurnSwitchedInPocketOneAndCheckTurnInRestOfPocketsOfPlayerOne(int)[2]" classname="nl.sogyo.mancala.domain.PocketTest" time="0.001"/>
  <testcase name="testTurnSwitchedInPocketOneAndCheckTurnInRestOfPocketsOfPlayerOne(int)[3]" classname="nl.sogyo.mancala.domain.PocketTest" time="0.001"/>
  <testcase name="testTurnSwitchedInPocketOneAndCheckTurnInRestOfPocketsOfPlayerOne(int)[4]" classname="nl.sogyo.mancala.domain.PocketTest" time="0.001"/>
  <testcase name="testTurnSwitchedInPocketOneAndCheckTurnInRestOfPocketsOfPlayerOne(int)[5]" classname="nl.sogyo.mancala.domain.PocketTest" time="0.001"/>
  <testcase name="testTurnSwitchedInPocketOneAndCheckTurnInRestOfPocketsOfPlayerOne(int)[6]" classname="nl.sogyo.mancala.domain.PocketTest" time="0.001"/>
  <testcase name="testTurnSwitchedInPocketOneAndCheckTurnInRestOfPocketsOfPlayerOne(int)[7]" classname="nl.sogyo.mancala.domain.PocketTest" time="0.0"/>
  <testcase name="testTurnSwitchedInPocketOneAndCheckTurnInRestOfPocketsOfPlayerTwo(int)[1]" classname="nl.sogyo.mancala.domain.PocketTest" time="0.001"/>
  <testcase name="testTurnSwitchedInPocketOneAndCheckTurnInRestOfPocketsOfPlayerTwo(int)[2]" classname="nl.sogyo.mancala.domain.PocketTest" time="0.002"/>
  <testcase name="testTurnSwitchedInPocketOneAndCheckTurnInRestOfPocketsOfPlayerTwo(int)[3]" classname="nl.sogyo.mancala.domain.PocketTest" time="0.001"/>
  <testcase name="testTurnSwitchedInPocketOneAndCheckTurnInRestOfPocketsOfPlayerTwo(int)[4]" classname="nl.sogyo.mancala.domain.PocketTest" time="0.002"/>
  <testcase name="testTurnSwitchedInPocketOneAndCheckTurnInRestOfPocketsOfPlayerTwo(int)[5]" classname="nl.sogyo.mancala.domain.PocketTest" time="0.001"/>
  <testcase name="testTurnSwitchedInPocketOneAndCheckTurnInRestOfPocketsOfPlayerTwo(int)[6]" classname="nl.sogyo.mancala.domain.PocketTest" time="0.001"/>
  <testcase name="testTurnSwitchedInPocketOneAndCheckTurnInRestOfPocketsOfPlayerTwo(int)[7]" classname="nl.sogyo.mancala.domain.PocketTest" time="0.001"/>
  <testcase name="testPlayerOneCanoNotPLayMancalas(int)[1]" classname="nl.sogyo.mancala.domain.PocketTest" time="0.002"/>
  <testcase name="testPlayerOneCanoNotPLayMancalas(int)[2]" classname="nl.sogyo.mancala.domain.PocketTest" time="0.001"/>
  <testcase name="testWhoIsTheWinnerPlayerOne" classname="nl.sogyo.mancala.domain.PocketTest" time="0.002"/>
  <testcase name="testPlayerTwoCanNotMoveStonesFromPocketOneToSix(int)[1]" classname="nl.sogyo.mancala.domain.PocketTest" time="0.001"/>
  <testcase name="testPlayerTwoCanNotMoveStonesFromPocketOneToSix(int)[2]" classname="nl.sogyo.mancala.domain.PocketTest" time="0.001"/>
  <testcase name="testPlayerTwoCanNotMoveStonesFromPocketOneToSix(int)[3]" classname="nl.sogyo.mancala.domain.PocketTest" time="0.001"/>
  <testcase name="testPlayerTwoCanNotMoveStonesFromPocketOneToSix(int)[4]" classname="nl.sogyo.mancala.domain.PocketTest" time="0.001"/>
  <testcase name="testPlayerTwoCanNotMoveStonesFromPocketOneToSix(int)[5]" classname="nl.sogyo.mancala.domain.PocketTest" time="0.001"/>
  <testcase name="testPlayerTwoCanNotMoveStonesFromPocketOneToSix(int)[6]" classname="nl.sogyo.mancala.domain.PocketTest" time="0.001"/>
  <testcase name="testMancalaHasZeroStones(int)[1]" classname="nl.sogyo.mancala.domain.PocketTest" time="0.002"/>
  <testcase name="testMancalaHasZeroStones(int)[2]" classname="nl.sogyo.mancala.domain.PocketTest" time="0.0"/>
  <testcase name="testMoveStonesFromFirstPocketThenStonesIsZero" classname="nl.sogyo.mancala.domain.PocketTest" time="0.002"/>
  <testcase name="testAllPocketStones(int)[1]" classname="nl.sogyo.mancala.domain.PocketTest" time="0.001"/>
  <testcase name="testAllPocketStones(int)[2]" classname="nl.sogyo.mancala.domain.PocketTest" time="0.001"/>
  <testcase name="testAllPocketStones(int)[3]" classname="nl.sogyo.mancala.domain.PocketTest" time="0.001"/>
  <testcase name="testAllPocketStones(int)[4]" classname="nl.sogyo.mancala.domain.PocketTest" time="0.002"/>
  <testcase name="testAllPocketStones(int)[5]" classname="nl.sogyo.mancala.domain.PocketTest" time="0.002"/>
  <testcase name="testAllPocketStones(int)[6]" classname="nl.sogyo.mancala.domain.PocketTest" time="0.001"/>
  <testcase name="testAllPocketStones(int)[7]" classname="nl.sogyo.mancala.domain.PocketTest" time="0.001"/>
  <testcase name="testAllPocketStones(int)[8]" classname="nl.sogyo.mancala.domain.PocketTest" time="0.001"/>
  <testcase name="testAllPocketStones(int)[9]" classname="nl.sogyo.mancala.domain.PocketTest" time="0.001"/>
  <testcase name="testAllPocketStones(int)[10]" classname="nl.sogyo.mancala.domain.PocketTest" time="0.0"/>
  <testcase name="testAllPocketStones(int)[11]" classname="nl.sogyo.mancala.domain.PocketTest" time="0.003"/>
  <testcase name="testAllPocketStones(int)[12]" classname="nl.sogyo.mancala.domain.PocketTest" time="0.001"/>
  <testcase name="testRemainingStonesAreMovedToMancalaOnGameOver" classname="nl.sogyo.mancala.domain.PocketTest" time="0.0"/>
  <testcase name="testGameOverWhenPlayerOnePocketsAreEmptySoICanNotMakeMoveAgain" classname="nl.sogyo.mancala.domain.PocketTest" time="0.001"/>
  <testcase name="testGameOverWhenOtherPlayerTurnIsAlreadyFalse" classname="nl.sogyo.mancala.domain.PocketTest" time="0.002"/>
  <testcase name="testPlayerTwoCanoNotPLayMancalas(int)[1]" classname="nl.sogyo.mancala.domain.PocketTest" time="0.001"/>
  <testcase name="testPlayerTwoCanoNotPLayMancalas(int)[2]" classname="nl.sogyo.mancala.domain.PocketTest" time="0.001"/>
  <testcase name="testPlayerTwoCanPlayTheirPocketUsingOverloadedMethod" classname="nl.sogyo.mancala.domain.PocketTest" time="0.0"/>
  <testcase name="testAllPocketNr(int)[1]" classname="nl.sogyo.mancala.domain.PocketTest" time="0.001"/>
  <testcase name="testAllPocketNr(int)[2]" classname="nl.sogyo.mancala.domain.PocketTest" time="0.001"/>
  <testcase name="testAllPocketNr(int)[3]" classname="nl.sogyo.mancala.domain.PocketTest" time="0.0"/>
  <testcase name="testAllPocketNr(int)[4]" classname="nl.sogyo.mancala.domain.PocketTest" time="0.001"/>
  <testcase name="testAllPocketNr(int)[5]" classname="nl.sogyo.mancala.domain.PocketTest" time="0.001"/>
  <testcase name="testAllPocketNr(int)[6]" classname="nl.sogyo.mancala.domain.PocketTest" time="0.001"/>
  <testcase name="testAllPocketNr(int)[7]" classname="nl.sogyo.mancala.domain.PocketTest" time="0.0"/>
  <testcase name="testAllPocketNr(int)[8]" classname="nl.sogyo.mancala.domain.PocketTest" time="0.001"/>
  <testcase name="testAllPocketNr(int)[9]" classname="nl.sogyo.mancala.domain.PocketTest" time="0.001"/>
  <testcase name="testAllPocketNr(int)[10]" classname="nl.sogyo.mancala.domain.PocketTest" time="0.001"/>
  <testcase name="testAllPocketNr(int)[11]" classname="nl.sogyo.mancala.domain.PocketTest" time="0.001"/>
  <testcase name="testAllPocketNr(int)[12]" classname="nl.sogyo.mancala.domain.PocketTest" time="0.0"/>
  <testcase name="testAllPocketNr(int)[13]" classname="nl.sogyo.mancala.domain.PocketTest" time="0.001"/>
  <testcase name="testAllPocketNr(int)[14]" classname="nl.sogyo.mancala.domain.PocketTest" time="0.0"/>
  <testcase name="testGameOverWhenLastStoneInEmptyPocketAndYouGetNeighborStones" classname="nl.sogyo.mancala.domain.PocketTest" time="0.001"/>
  <testcase name="testMoveStonesFromFirstPocketThenBothMancalasAreStillZeroStones(int)[1]" classname="nl.sogyo.mancala.domain.PocketTest" time="0.001"/>
  <testcase name="testMoveStonesFromFirstPocketThenBothMancalasAreStillZeroStones(int)[2]" classname="nl.sogyo.mancala.domain.PocketTest" time="0.001"/>
  <testcase name="testPlayerTwoCanoNotMoveStonesOfMancalas(int)[1]" classname="nl.sogyo.mancala.domain.PocketTest" time="0.001"/>
  <testcase name="testPlayerTwoCanoNotMoveStonesOfMancalas(int)[2]" classname="nl.sogyo.mancala.domain.PocketTest" time="0.0"/>
  <testcase name="testPlayerTwoCanPlayPocketEightToThirteen(int)[1]" classname="nl.sogyo.mancala.domain.PocketTest" time="0.001"/>
  <testcase name="testPlayerTwoCanPlayPocketEightToThirteen(int)[2]" classname="nl.sogyo.mancala.domain.PocketTest" time="0.0"/>
  <testcase name="testPlayerTwoCanPlayPocketEightToThirteen(int)[3]" classname="nl.sogyo.mancala.domain.PocketTest" time="0.001"/>
  <testcase name="testPlayerTwoCanPlayPocketEightToThirteen(int)[4]" classname="nl.sogyo.mancala.domain.PocketTest" time="0.001"/>
  <testcase name="testPlayerTwoCanPlayPocketEightToThirteen(int)[5]" classname="nl.sogyo.mancala.domain.PocketTest" time="0.001"/>
  <testcase name="testPlayerTwoCanPlayPocketEightToThirteen(int)[6]" classname="nl.sogyo.mancala.domain.PocketTest" time="0.002"/>
  <testcase name="testTurnInMancalaOneIsSetToPlayerOneWhenInitialized" classname="nl.sogyo.mancala.domain.PocketTest" time="0.001"/>
  <testcase name="testMoveStonesThrowsGameOverEvenWithOverloadedMethod" classname="nl.sogyo.mancala.domain.PocketTest" time="0.001"/>
  <testcase name="testPlayerOneCanoNotMoveStonesOfMancalas(int)[1]" classname="nl.sogyo.mancala.domain.PocketTest" time="0.002"/>
  <testcase name="testPlayerOneCanoNotMoveStonesOfMancalas(int)[2]" classname="nl.sogyo.mancala.domain.PocketTest" time="0.001"/>
  <testcase name="testMoveStonesFromFirstPocketThenAllOtherPocketsAreStillFourStonesExceptTwoToFive(int)[1]" classname="nl.sogyo.mancala.domain.PocketTest" time="0.001"/>
  <testcase name="testMoveStonesFromFirstPocketThenAllOtherPocketsAreStillFourStonesExceptTwoToFive(int)[2]" classname="nl.sogyo.mancala.domain.PocketTest" time="0.001"/>
  <testcase name="testMoveStonesFromFirstPocketThenAllOtherPocketsAreStillFourStonesExceptTwoToFive(int)[3]" classname="nl.sogyo.mancala.domain.PocketTest" time="0.0"/>
  <testcase name="testMoveStonesFromFirstPocketThenAllOtherPocketsAreStillFourStonesExceptTwoToFive(int)[4]" classname="nl.sogyo.mancala.domain.PocketTest" time="0.001"/>
  <testcase name="testMoveStonesFromFirstPocketThenAllOtherPocketsAreStillFourStonesExceptTwoToFive(int)[5]" classname="nl.sogyo.mancala.domain.PocketTest" time="0.0"/>
  <testcase name="testMoveStonesFromFirstPocketThenAllOtherPocketsAreStillFourStonesExceptTwoToFive(int)[6]" classname="nl.sogyo.mancala.domain.PocketTest" time="0.001"/>
  <testcase name="testMoveStonesFromFirstPocketThenAllOtherPocketsAreStillFourStonesExceptTwoToFive(int)[7]" classname="nl.sogyo.mancala.domain.PocketTest" time="0.0"/>
  <testcase name="testAllNextPocketNumbers(int)[1]" classname="nl.sogyo.mancala.domain.PocketTest" time="0.001"/>
  <testcase name="testAllNextPocketNumbers(int)[2]" classname="nl.sogyo.mancala.domain.PocketTest" time="0.001"/>
  <testcase name="testAllNextPocketNumbers(int)[3]" classname="nl.sogyo.mancala.domain.PocketTest" time="0.001"/>
  <testcase name="testAllNextPocketNumbers(int)[4]" classname="nl.sogyo.mancala.domain.PocketTest" time="0.001"/>
  <testcase name="testAllNextPocketNumbers(int)[5]" classname="nl.sogyo.mancala.domain.PocketTest" time="0.001"/>
  <testcase name="testAllNextPocketNumbers(int)[6]" classname="nl.sogyo.mancala.domain.PocketTest" time="0.001"/>
  <testcase name="testAllNextPocketNumbers(int)[7]" classname="nl.sogyo.mancala.domain.PocketTest" time="0.001"/>
  <testcase name="testAllNextPocketNumbers(int)[8]" classname="nl.sogyo.mancala.domain.PocketTest" time="0.001"/>
  <testcase name="testAllNextPocketNumbers(int)[9]" classname="nl.sogyo.mancala.domain.PocketTest" time="0.001"/>
  <testcase name="testAllNextPocketNumbers(int)[10]" classname="nl.sogyo.mancala.domain.PocketTest" time="0.001"/>
  <testcase name="testAllNextPocketNumbers(int)[11]" classname="nl.sogyo.mancala.domain.PocketTest" time="0.001"/>
  <testcase name="testAllNextPocketNumbers(int)[12]" classname="nl.sogyo.mancala.domain.PocketTest" time="0.001"/>
  <testcase name="testAllNextPocketNumbers(int)[13]" classname="nl.sogyo.mancala.domain.PocketTest" time="0.001"/>
  <testcase name="testPlayerTwoCanNotPlayPocketOneToSix(int)[1]" classname="nl.sogyo.mancala.domain.PocketTest" time="0.001"/>
  <testcase name="testPlayerTwoCanNotPlayPocketOneToSix(int)[2]" classname="nl.sogyo.mancala.domain.PocketTest" time="0.001"/>
  <testcase name="testPlayerTwoCanNotPlayPocketOneToSix(int)[3]" classname="nl.sogyo.mancala.domain.PocketTest" time="0.0"/>
  <testcase name="testPlayerTwoCanNotPlayPocketOneToSix(int)[4]" classname="nl.sogyo.mancala.domain.PocketTest" time="0.001"/>
  <testcase name="testPlayerTwoCanNotPlayPocketOneToSix(int)[5]" classname="nl.sogyo.mancala.domain.PocketTest" time="0.002"/>
  <testcase name="testPlayerTwoCanNotPlayPocketOneToSix(int)[6]" classname="nl.sogyo.mancala.domain.PocketTest" time="0.002"/>
  <testcase name="testCannotPlayEmptyPocketOnOwnSide" classname="nl.sogyo.mancala.domain.PocketTest" time="0.001"/>
  <testcase name="testGameOverAfterLastMoveIsMade" classname="nl.sogyo.mancala.domain.PocketTest" time="0.001"/>
  <testcase name="testMoveStonesFromSixthPocketAndCheckStonesInAllOtherPockets(int, int)[1]" classname="nl.sogyo.mancala.domain.PocketTest" time="0.002"/>
  <testcase name="testMoveStonesFromSixthPocketAndCheckStonesInAllOtherPockets(int, int)[2]" classname="nl.sogyo.mancala.domain.PocketTest" time="0.001"/>
  <testcase name="testMoveStonesFromSixthPocketAndCheckStonesInAllOtherPockets(int, int)[3]" classname="nl.sogyo.mancala.domain.PocketTest" time="0.0"/>
  <testcase name="testMoveStonesFromSixthPocketAndCheckStonesInAllOtherPockets(int, int)[4]" classname="nl.sogyo.mancala.domain.PocketTest" time="0.001"/>
  <testcase name="testMoveStonesFromSixthPocketAndCheckStonesInAllOtherPockets(int, int)[5]" classname="nl.sogyo.mancala.domain.PocketTest" time="0.001"/>
  <testcase name="testMoveStonesFromSixthPocketAndCheckStonesInAllOtherPockets(int, int)[6]" classname="nl.sogyo.mancala.domain.PocketTest" time="0.001"/>
  <testcase name="testMoveStonesFromSixthPocketAndCheckStonesInAllOtherPockets(int, int)[7]" classname="nl.sogyo.mancala.domain.PocketTest" time="0.001"/>
  <testcase name="testMoveStonesFromSixthPocketAndCheckStonesInAllOtherPockets(int, int)[8]" classname="nl.sogyo.mancala.domain.PocketTest" time="0.001"/>
  <testcase name="testMoveStonesFromSixthPocketAndCheckStonesInAllOtherPockets(int, int)[9]" classname="nl.sogyo.mancala.domain.PocketTest" time="0.001"/>
  <testcase name="testMoveStonesFromSixthPocketAndCheckStonesInAllOtherPockets(int, int)[10]" classname="nl.sogyo.mancala.domain.PocketTest" time="0.001"/>
  <testcase name="testMoveStonesFromSixthPocketAndCheckStonesInAllOtherPockets(int, int)[11]" classname="nl.sogyo.mancala.domain.PocketTest" time="0.001"/>
  <testcase name="testMoveStonesFromSixthPocketAndCheckStonesInAllOtherPockets(int, int)[12]" classname="nl.sogyo.mancala.domain.PocketTest" time="0.002"/>
  <testcase name="testMoveStonesFromSixthPocketAndCheckStonesInAllOtherPockets(int, int)[13]" classname="nl.sogyo.mancala.domain.PocketTest" time="0.0"/>
  <testcase name="testMoveStonesFromSixthPocketAndCheckStonesInAllOtherPockets(int, int)[14]" classname="nl.sogyo.mancala.domain.PocketTest" time="0.001"/>
  <testcase name="testGameEndsWhenPlayerTwoSideIsEmpty" classname="nl.sogyo.mancala.domain.PocketTest" time="0.001"/>
  <testcase name="testSetMoveStonesWithMancalaPocketNrThrowsException" classname="nl.sogyo.mancala.domain.PocketTest" time="0.0"/>
  <testcase name="testSetMoveStonesWithOpponentsPocketNrThrowsException" classname="nl.sogyo.mancala.domain.PocketTest" time="0.001"/>
  <testcase name="testSetMoveStonesWithPocketNrExecutesMove" classname="nl.sogyo.mancala.domain.PocketTest" time="0.001"/>
  <testcase name="testLastStoneInEmptyPocketOfOtherPlayer" classname="nl.sogyo.mancala.domain.PocketTest" time="0.001"/>
  <testcase name="testPlayerOneCanNotMoveStonesFromPocketEightToThirteen(int)[1]" classname="nl.sogyo.mancala.domain.PocketTest" time="0.001"/>
  <testcase name="testPlayerOneCanNotMoveStonesFromPocketEightToThirteen(int)[2]" classname="nl.sogyo.mancala.domain.PocketTest" time="0.0"/>
  <testcase name="testPlayerOneCanNotMoveStonesFromPocketEightToThirteen(int)[3]" classname="nl.sogyo.mancala.domain.PocketTest" time="0.001"/>
  <testcase name="testPlayerOneCanNotMoveStonesFromPocketEightToThirteen(int)[4]" classname="nl.sogyo.mancala.domain.PocketTest" time="0.001"/>
  <testcase name="testPlayerOneCanNotMoveStonesFromPocketEightToThirteen(int)[5]" classname="nl.sogyo.mancala.domain.PocketTest" time="0.0"/>
  <testcase name="testPlayerOneCanNotMoveStonesFromPocketEightToThirteen(int)[6]" classname="nl.sogyo.mancala.domain.PocketTest" time="0.001"/>
  <testcase name="testMoveStonesFromFirstPocketThenNextPocketsAreFiveStones(int)[1]" classname="nl.sogyo.mancala.domain.PocketTest" time="0.001"/>
  <testcase name="testMoveStonesFromFirstPocketThenNextPocketsAreFiveStones(int)[2]" classname="nl.sogyo.mancala.domain.PocketTest" time="0.001"/>
  <testcase name="testMoveStonesFromFirstPocketThenNextPocketsAreFiveStones(int)[3]" classname="nl.sogyo.mancala.domain.PocketTest" time="0.001"/>
  <testcase name="testMoveStonesFromFirstPocketThenNextPocketsAreFiveStones(int)[4]" classname="nl.sogyo.mancala.domain.PocketTest" time="0.0"/>
  <testcase name="testGameOverWhenPlayerOnePocketsAreEmptyThenICanFindWinner" classname="nl.sogyo.mancala.domain.PocketTest" time="0.001"/>
  <testcase name="testLastStoneInOwnEmptyPocketMeansGettingThemToMancalaPlusNeighbor" classname="nl.sogyo.mancala.domain.PocketTest" time="0.001"/>
  <testcase name="testPlayerOneCanPlayPocketOneToSix(int)[1]" classname="nl.sogyo.mancala.domain.PocketTest" time="0.001"/>
  <testcase name="testPlayerOneCanPlayPocketOneToSix(int)[2]" classname="nl.sogyo.mancala.domain.PocketTest" time="0.001"/>
  <testcase name="testPlayerOneCanPlayPocketOneToSix(int)[3]" classname="nl.sogyo.mancala.domain.PocketTest" time="0.0"/>
  <testcase name="testPlayerOneCanPlayPocketOneToSix(int)[4]" classname="nl.sogyo.mancala.domain.PocketTest" time="0.0"/>
  <testcase name="testPlayerOneCanPlayPocketOneToSix(int)[5]" classname="nl.sogyo.mancala.domain.PocketTest" time="0.001"/>
  <testcase name="testPlayerOneCanPlayPocketOneToSix(int)[6]" classname="nl.sogyo.mancala.domain.PocketTest" time="0.001"/>
  <testcase name="testPlayerOneCanNotPlayPocketEightToThirteen(int)[1]" classname="nl.sogyo.mancala.domain.PocketTest" time="0.002"/>
  <testcase name="testPlayerOneCanNotPlayPocketEightToThirteen(int)[2]" classname="nl.sogyo.mancala.domain.PocketTest" time="0.001"/>
  <testcase name="testPlayerOneCanNotPlayPocketEightToThirteen(int)[3]" classname="nl.sogyo.mancala.domain.PocketTest" time="0.001"/>
  <testcase name="testPlayerOneCanNotPlayPocketEightToThirteen(int)[4]" classname="nl.sogyo.mancala.domain.PocketTest" time="0.001"/>
  <testcase name="testPlayerOneCanNotPlayPocketEightToThirteen(int)[5]" classname="nl.sogyo.mancala.domain.PocketTest" time="0.001"/>
  <testcase name="testPlayerOneCanNotPlayPocketEightToThirteen(int)[6]" classname="nl.sogyo.mancala.domain.PocketTest" time="0.0"/>
  <testcase name="testLastPocketHasFirstPocketAsNext" classname="nl.sogyo.mancala.domain.PocketTest" time="0.0"/>
</testsuite>